Arguments: 
  /usr/local/bin/node /usr/local/bin/yarn add joi exporess

PATH: 
  /usr/local/bin:/usr/bin:/bin:/usr/sbin:/sbin:/opt/X11/bin:/Library/Apple/usr/bin:/Users/macbookpro/Library/Android/sdk/platform-tools:/opt/homebrew/bin:/opt/homebrew/sbin:/Users/macbookpro/flutter/bin:/Users/macbookpro/flutter/bin

Yarn version: 
  1.22.10

Node version: 
  14.17.5

Platform: 
  darwin x64

Trace: 
  Error: https://registry.yarnpkg.com/exporess: Not found
      at Request.params.callback [as _callback] (/usr/local/lib/node_modules/yarn/lib/cli.js:66988:18)
      at Request.self.callback (/usr/local/lib/node_modules/yarn/lib/cli.js:140662:22)
      at Request.emit (events.js:400:28)
      at Request.<anonymous> (/usr/local/lib/node_modules/yarn/lib/cli.js:141634:10)
      at Request.emit (events.js:400:28)
      at IncomingMessage.<anonymous> (/usr/local/lib/node_modules/yarn/lib/cli.js:141556:12)
      at Object.onceWrapper (events.js:519:28)
      at IncomingMessage.emit (events.js:412:35)
      at endReadableNT (internal/streams/readable.js:1317:12)
      at processTicksAndRejections (internal/process/task_queues.js:82:21)

npm manifest: 
  {
    "name": "todo",
    "version": "1.0.0",
    "description": "",
    "main": "index.js",
    "scripts": {
      "test": "echo \"Error: no test specified\" && exit 1"
    },
    "keywords": [],
    "author": "",
    "license": "ISC"
  }

yarn manifest: 
  No manifest

Lockfile: 
  No lockfile
